[ 2023-02-21 11:54:55,490 ] 19 root - INFO - Exporting collection data as pandas dataframe
[ 2023-02-21 11:54:55,492 ] 12 root - INFO - Reading data from database mylib and Collecion books
[ 2023-02-21 11:55:32,748 ] 14 root - INFO - Found Column: Index(['_id', 'ISBN', 'Book-Title', 'Book-Author', 'Year-Of-Publication',
       'Publisher', 'Image-URL-S', 'Image-URL-M', 'Image-URL-L'],
      dtype='object')
[ 2023-02-21 11:55:33,035 ] 18 root - INFO - Rows and column in df: (271360, 8)
[ 2023-02-21 11:55:33,037 ] 12 root - INFO - Reading data from database mylib and Collecion users
[ 2023-02-21 11:55:43,061 ] 14 root - INFO - Found Column: Index(['_id', 'User-ID', 'Location', 'Age'], dtype='object')
[ 2023-02-21 11:55:43,108 ] 18 root - INFO - Rows and column in df: (278858, 3)
[ 2023-02-21 11:55:43,110 ] 12 root - INFO - Reading data from database mylib and Collecion ratings
[ 2023-02-21 11:56:22,653 ] 14 root - INFO - Found Column: Index(['_id', 'User-ID', 'ISBN', 'Book-Rating'], dtype='object')
[ 2023-02-21 11:56:22,788 ] 18 root - INFO - Rows and column in df: (1149780, 3)
[ 2023-02-21 11:56:22,789 ] 27 root - INFO - Save data in feature store
[ 2023-02-21 11:56:22,790 ] 29 root - INFO - Create feature store folder if not available
[ 2023-02-21 11:56:22,901 ] 34 root - INFO - Save df to feature store folder
[ 2023-02-21 11:56:32,481 ] 56 root - INFO - Data ingestion artifact: DataIngestionArtifact(books_file_path='D:\\ML\\vscode\\Books\\artifact\\02212023__115455\\data_ingestion\\feature_store\\books.csv', users_file_path='D:\\ML\\vscode\\Books\\artifact\\02212023__115455\\data_ingestion\\feature_store\\users.csv', ratings_file_path='D:\\ML\\vscode\\Books\\artifact\\02212023__115455\\data_ingestion\\feature_store\\ratings.csv')
[ 2023-02-21 11:56:32,874 ] 19 root - INFO - Exporting collection data as pandas dataframe
[ 2023-02-21 11:56:32,876 ] 12 root - INFO - Reading data from database mylib and Collecion books
[ 2023-02-21 11:57:08,314 ] 14 root - INFO - Found Column: Index(['_id', 'ISBN', 'Book-Title', 'Book-Author', 'Year-Of-Publication',
       'Publisher', 'Image-URL-S', 'Image-URL-M', 'Image-URL-L'],
      dtype='object')
[ 2023-02-21 11:57:08,435 ] 18 root - INFO - Rows and column in df: (271360, 8)
[ 2023-02-21 11:57:08,437 ] 12 root - INFO - Reading data from database mylib and Collecion users
[ 2023-02-21 11:57:18,115 ] 14 root - INFO - Found Column: Index(['_id', 'User-ID', 'Location', 'Age'], dtype='object')
[ 2023-02-21 11:57:18,153 ] 18 root - INFO - Rows and column in df: (278858, 3)
[ 2023-02-21 11:57:18,155 ] 12 root - INFO - Reading data from database mylib and Collecion ratings
[ 2023-02-21 11:57:55,740 ] 14 root - INFO - Found Column: Index(['_id', 'User-ID', 'ISBN', 'Book-Rating'], dtype='object')
[ 2023-02-21 11:57:55,895 ] 18 root - INFO - Rows and column in df: (1149780, 3)
[ 2023-02-21 11:57:55,895 ] 27 root - INFO - Save data in feature store
[ 2023-02-21 11:57:55,896 ] 29 root - INFO - Create feature store folder if not available
[ 2023-02-21 11:57:55,898 ] 34 root - INFO - Save df to feature store folder
[ 2023-02-21 11:58:07,001 ] 56 root - INFO - Data ingestion artifact: DataIngestionArtifact(books_file_path='D:\\ML\\vscode\\Books\\artifact\\02212023__115455\\data_ingestion\\feature_store\\books.csv', users_file_path='D:\\ML\\vscode\\Books\\artifact\\02212023__115455\\data_ingestion\\feature_store\\users.csv', ratings_file_path='D:\\ML\\vscode\\Books\\artifact\\02212023__115455\\data_ingestion\\feature_store\\ratings.csv')
